Checking out revision 321d2454a5afcb5612a40849a916ea4731c9190d
Installing the grading project
Compiling your project with the grading tests
Executing epfl.sweng.test.homework3.ApplicationStateTest#testAuthenticationSucceeds...
PASSED: epfl.sweng.test.homework3.ApplicationStateTest#testAuthenticationSucceeds
Executing epfl.sweng.test.homework3.ApplicationStateTest#testMainActivityStartsAuthentication...
PASSED: epfl.sweng.test.homework3.ApplicationStateTest#testMainActivityStartsAuthentication
Executing epfl.sweng.test.homework3.AuthenticatedRequestsTest#testEditQuestionIsAuthenticated...
Test failed. Debug output follows...
INSTRUMENTATION_STATUS: id=InstrumentationTestRunner
INSTRUMENTATION_STATUS: current=1
INSTRUMENTATION_STATUS: class=epfl.sweng.test.homework3.AuthenticatedRequestsTest
INSTRUMENTATION_STATUS: stream=
epfl.sweng.test.homework3.AuthenticatedRequestsTest:
INSTRUMENTATION_STATUS: numtests=1
INSTRUMENTATION_STATUS: test=testEditQuestionIsAuthenticated
INSTRUMENTATION_STATUS_CODE: 1
INSTRUMENTATION_STATUS: id=InstrumentationTestRunner
INSTRUMENTATION_STATUS: current=1
INSTRUMENTATION_STATUS: class=epfl.sweng.test.homework3.AuthenticatedRequestsTest
INSTRUMENTATION_STATUS: stream=
Failure in testEditQuestionIsAuthenticated:
junit.framework.AssertionFailedError: Failed to make all requests
	at epfl.sweng.test.homework3.AuthenticationTestCase.waitForRequestToBeMade(AuthenticationTestCase.java:71)
	at epfl.sweng.test.homework3.AuthenticatedRequestsTest.testEditQuestionIsAuthenticated(AuthenticatedRequestsTest.java:71)
	at java.lang.reflect.Method.invokeNative(Native Method)
	at android.test.InstrumentationTestCase.runMethod(InstrumentationTestCase.java:214)
	at android.test.InstrumentationTestCase.runTest(InstrumentationTestCase.java:199)
	at android.test.ActivityInstrumentationTestCase2.runTest(ActivityInstrumentationTestCase2.java:192)
	at android.test.AndroidTestRunner.runTest(AndroidTestRunner.java:190)
	at android.test.AndroidTestRunner.runTest(AndroidTestRunner.java:175)
	at android.test.InstrumentationTestRunner.onStart(InstrumentationTestRunner.java:555)
	at android.app.Instrumentation$InstrumentationThread.run(Instrumentation.java:1584)

INSTRUMENTATION_STATUS: numtests=1
INSTRUMENTATION_STATUS: stack=junit.framework.AssertionFailedError: Failed to make all requests
	at epfl.sweng.test.homework3.AuthenticationTestCase.waitForRequestToBeMade(AuthenticationTestCase.java:71)
	at epfl.sweng.test.homework3.AuthenticatedRequestsTest.testEditQuestionIsAuthenticated(AuthenticatedRequestsTest.java:71)
	at java.lang.reflect.Method.invokeNative(Native Method)
	at android.test.InstrumentationTestCase.runMethod(InstrumentationTestCase.java:214)
	at android.test.InstrumentationTestCase.runTest(InstrumentationTestCase.java:199)
	at android.test.ActivityInstrumentationTestCase2.runTest(ActivityInstrumentationTestCase2.java:192)
	at android.test.AndroidTestRunner.runTest(AndroidTestRunner.java:190)
	at android.test.AndroidTestRunner.runTest(AndroidTestRunner.java:175)
	at android.test.InstrumentationTestRunner.onStart(InstrumentationTestRunner.java:555)
	at android.app.Instrumentation$InstrumentationThread.run(Instrumentation.java:1584)

INSTRUMENTATION_STATUS: test=testEditQuestionIsAuthenticated
INSTRUMENTATION_STATUS_CODE: -2
INSTRUMENTATION_RESULT: stream=
Test results for InstrumentationTestRunner=.F
Time: 131.969

FAILURES!!!
Tests run: 1,  Failures: 1,  Errors: 0


INSTRUMENTATION_CODE: -1
FAILED: epfl.sweng.test.homework3.AuthenticatedRequestsTest#testEditQuestionIsAuthenticated
Executing epfl.sweng.test.homework3.AuthenticatedRequestsTest#testFetchQuestionIsAuthenticated...
PASSED: epfl.sweng.test.homework3.AuthenticatedRequestsTest#testFetchQuestionIsAuthenticated
Executing epfl.sweng.test.homework3.AuthenticationActivityGUITest#testAuthenticationFails...
PASSED: epfl.sweng.test.homework3.AuthenticationActivityGUITest#testAuthenticationFails
Executing epfl.sweng.test.homework3.AuthenticationActivityGUITest#testLoginButtonExists...
PASSED: epfl.sweng.test.homework3.AuthenticationActivityGUITest#testLoginButtonExists
Executing epfl.sweng.test.homework3.AuthenticationActivityGUITest#testPasswordFieldExists...
PASSED: epfl.sweng.test.homework3.AuthenticationActivityGUITest#testPasswordFieldExists
Executing epfl.sweng.test.homework3.AuthenticationActivityGUITest#testUsernameFieldExists...
PASSED: epfl.sweng.test.homework3.AuthenticationActivityGUITest#testUsernameFieldExists
Executing epfl.sweng.test.homework3.AuthenticationProcessTest#testAuthenticationSucceedsStep7...
PASSED: epfl.sweng.test.homework3.AuthenticationProcessTest#testAuthenticationSucceedsStep7
Executing epfl.sweng.test.homework3.AuthenticationProcessTest#testAuthenticationUnSuccessfulExceptionGetFromServer...
Test crashed. Debug output follows...
INSTRUMENTATION_STATUS: id=InstrumentationTestRunner
INSTRUMENTATION_STATUS: current=1
INSTRUMENTATION_STATUS: class=epfl.sweng.test.homework3.AuthenticationProcessTest
INSTRUMENTATION_STATUS: stream=
epfl.sweng.test.homework3.AuthenticationProcessTest:
INSTRUMENTATION_STATUS: numtests=1
INSTRUMENTATION_STATUS: test=testAuthenticationUnSuccessfulExceptionGetFromServer
INSTRUMENTATION_STATUS_CODE: 1
INSTRUMENTATION_RESULT: shortMsg=java.lang.IllegalArgumentException
INSTRUMENTATION_RESULT: longMsg=java.lang.IllegalArgumentException: HTTP entity may not be null
INSTRUMENTATION_CODE: 0
FAILED: epfl.sweng.test.homework3.AuthenticationProcessTest#testAuthenticationUnSuccessfulExceptionGetFromServer
Executing epfl.sweng.test.homework3.AuthenticationProcessTest#testAuthenticationUnSuccessfulExceptionSendToServer...
Test crashed. Debug output follows...
INSTRUMENTATION_STATUS: id=InstrumentationTestRunner
INSTRUMENTATION_STATUS: current=1
INSTRUMENTATION_STATUS: class=epfl.sweng.test.homework3.AuthenticationProcessTest
INSTRUMENTATION_STATUS: stream=
epfl.sweng.test.homework3.AuthenticationProcessTest:
INSTRUMENTATION_STATUS: numtests=1
INSTRUMENTATION_STATUS: test=testAuthenticationUnSuccessfulExceptionSendToServer
INSTRUMENTATION_STATUS_CODE: 1
INSTRUMENTATION_RESULT: shortMsg=java.lang.IllegalArgumentException
INSTRUMENTATION_RESULT: longMsg=java.lang.IllegalArgumentException: HTTP entity may not be null
INSTRUMENTATION_CODE: 0
FAILED: epfl.sweng.test.homework3.AuthenticationProcessTest#testAuthenticationUnSuccessfulExceptionSendToServer
Executing epfl.sweng.test.homework3.AuthenticationProcessTest#testAuthenticationUnSuccessfulForbidden...
Test crashed. Debug output follows...
INSTRUMENTATION_STATUS: id=InstrumentationTestRunner
INSTRUMENTATION_STATUS: current=1
INSTRUMENTATION_STATUS: class=epfl.sweng.test.homework3.AuthenticationProcessTest
INSTRUMENTATION_STATUS: stream=
epfl.sweng.test.homework3.AuthenticationProcessTest:
INSTRUMENTATION_STATUS: numtests=1
INSTRUMENTATION_STATUS: test=testAuthenticationUnSuccessfulForbidden
INSTRUMENTATION_STATUS_CODE: 1
INSTRUMENTATION_RESULT: shortMsg=java.lang.IllegalArgumentException
INSTRUMENTATION_RESULT: longMsg=java.lang.IllegalArgumentException: HTTP entity may not be null
INSTRUMENTATION_CODE: 0
FAILED: epfl.sweng.test.homework3.AuthenticationProcessTest#testAuthenticationUnSuccessfulForbidden
Executing epfl.sweng.test.homework3.AuthenticationProcessTest#testAuthenticationUnSuccessfulNoTequilaToken...
Test failed. Debug output follows...
INSTRUMENTATION_STATUS: id=InstrumentationTestRunner
INSTRUMENTATION_STATUS: current=1
INSTRUMENTATION_STATUS: class=epfl.sweng.test.homework3.AuthenticationProcessTest
INSTRUMENTATION_STATUS: stream=
epfl.sweng.test.homework3.AuthenticationProcessTest:
INSTRUMENTATION_STATUS: numtests=1
INSTRUMENTATION_STATUS: test=testAuthenticationUnSuccessfulNoTequilaToken
INSTRUMENTATION_STATUS_CODE: 1
INSTRUMENTATION_STATUS: id=InstrumentationTestRunner
INSTRUMENTATION_STATUS: current=1
INSTRUMENTATION_STATUS: class=epfl.sweng.test.homework3.AuthenticationProcessTest
INSTRUMENTATION_STATUS: stream=
Failure in testAuthenticationUnSuccessfulNoTequilaToken:
junit.framework.AssertionFailedError: The text: Log in using Tequila is not found!
	at com.jayway.android.robotium.solo.Clicker.clickOnText(Clicker.java:330)
	at com.jayway.android.robotium.solo.Solo.clickOnText(Solo.java:823)
	at java.lang.reflect.Method.invokeNative(Native Method)
	at epfl.sweng.test.robotium.RobustSolo.executeRobustly(RobustSolo.java:51)
	at epfl.sweng.test.robotium.RobustSolo.clickOnText(RobustSolo.java:27)
	at epfl.sweng.test.homework3.AuthenticationProcessTest.assertLoginUnsuccessful(AuthenticationProcessTest.java:113)
	at epfl.sweng.test.homework3.AuthenticationProcessTest.testAuthenticationUnSuccessfulNoTequilaToken(AuthenticationProcessTest.java:147)
	at java.lang.reflect.Method.invokeNative(Native Method)
	at android.test.InstrumentationTestCase.runMethod(InstrumentationTestCase.java:214)
	at android.test.InstrumentationTestCase.runTest(InstrumentationTestCase.java:199)
	at android.test.ActivityInstrumentationTestCase2.runTest(ActivityInstrumentationTestCase2.java:192)
	at android.test.AndroidTestRunner.runTest(AndroidTestRunner.java:190)
	at android.test.AndroidTestRunner.runTest(AndroidTestRunner.java:175)
	at android.test.InstrumentationTestRunner.onStart(InstrumentationTestRunner.java:555)
	at android.app.Instrumentation$InstrumentationThread.run(Instrumentation.java:1584)

INSTRUMENTATION_STATUS: numtests=1
INSTRUMENTATION_STATUS: stack=junit.framework.AssertionFailedError: The text: Log in using Tequila is not found!
	at com.jayway.android.robotium.solo.Clicker.clickOnText(Clicker.java:330)
	at com.jayway.android.robotium.solo.Solo.clickOnText(Solo.java:823)
	at java.lang.reflect.Method.invokeNative(Native Method)
	at epfl.sweng.test.robotium.RobustSolo.executeRobustly(RobustSolo.java:51)
	at epfl.sweng.test.robotium.RobustSolo.clickOnText(RobustSolo.java:27)
	at epfl.sweng.test.homework3.AuthenticationProcessTest.assertLoginUnsuccessful(AuthenticationProcessTest.java:113)
	at epfl.sweng.test.homework3.AuthenticationProcessTest.testAuthenticationUnSuccessfulNoTequilaToken(AuthenticationProcessTest.java:147)
	at java.lang.reflect.Method.invokeNative(Native Method)
	at android.test.InstrumentationTestCase.runMethod(InstrumentationTestCase.java:214)
	at android.test.InstrumentationTestCase.runTest(InstrumentationTestCase.java:199)
	at android.test.ActivityInstrumentationTestCase2.runTest(ActivityInstrumentationTestCase2.java:192)
	at android.test.AndroidTestRunner.runTest(AndroidTestRunner.java:190)
	at android.test.AndroidTestRunner.runTest(AndroidTestRunner.java:175)
	at android.test.InstrumentationTestRunner.onStart(InstrumentationTestRunner.java:555)
	at android.app.Instrumentation$InstrumentationThread.run(Instrumentation.java:1584)

INSTRUMENTATION_STATUS: test=testAuthenticationUnSuccessfulNoTequilaToken
INSTRUMENTATION_STATUS_CODE: -2
INSTRUMENTATION_RESULT: stream=
Test results for InstrumentationTestRunner=.F
Time: 33.93

FAILURES!!!
Tests run: 1,  Failures: 1,  Errors: 0


INSTRUMENTATION_CODE: -1
FAILED: epfl.sweng.test.homework3.AuthenticationProcessTest#testAuthenticationUnSuccessfulNoTequilaToken
Executing epfl.sweng.test.homework3.AuthenticationProcessTest#testAuthenticationUnsuccessfulTequilaRepliesWith200...
PASSED: epfl.sweng.test.homework3.AuthenticationProcessTest#testAuthenticationUnsuccessfulTequilaRepliesWith200
Executing epfl.sweng.test.homework3.AuthenticationProcessTest#testAuthenticationUnsuccessfulTequilaRepliesWith400...
PASSED: epfl.sweng.test.homework3.AuthenticationProcessTest#testAuthenticationUnsuccessfulTequilaRepliesWith400
Executing epfl.sweng.test.homework3.AuthenticationProcessTest#testAuthenticationUnsuccessfulTequilaRepliesWith400AuthenticationIsRestarted...
PASSED: epfl.sweng.test.homework3.AuthenticationProcessTest#testAuthenticationUnsuccessfulTequilaRepliesWith400AuthenticationIsRestarted
Executing epfl.sweng.test.homework3.AuthenticationProcessTest#testAuthenticationUnsuccessfulTequilaRepliesWith500...
PASSED: epfl.sweng.test.homework3.AuthenticationProcessTest#testAuthenticationUnsuccessfulTequilaRepliesWith500
Executing epfl.sweng.test.homework3.AuthenticationProcessTest#testStep1...
PASSED: epfl.sweng.test.homework3.AuthenticationProcessTest#testStep1
Executing epfl.sweng.test.homework3.AuthenticationProcessTest#testStep1_2_3...
PASSED: epfl.sweng.test.homework3.AuthenticationProcessTest#testStep1_2_3
Executing epfl.sweng.test.homework3.AuthenticationProcessTest#testStep1_2_3_4_5...
PASSED: epfl.sweng.test.homework3.AuthenticationProcessTest#testStep1_2_3_4_5
Executing epfl.sweng.test.homework3.AuthenticationProcessTest#testStep1_2_3_correctParams...
PASSED: epfl.sweng.test.homework3.AuthenticationProcessTest#testStep1_2_3_correctParams
Executing epfl.sweng.test.homework3.AuthenticationProcessTest#testZLogHTTPServerCode...
PASSED: epfl.sweng.test.homework3.AuthenticationProcessTest#testZLogHTTPServerCode
Executing epfl.sweng.test.homework3.MainActivityTest#testLogout...
PASSED: epfl.sweng.test.homework3.MainActivityTest#testLogout
Executing epfl.sweng.test.homework3.MainActivityTest#testMainActivityUserInterface...
PASSED: epfl.sweng.test.homework3.MainActivityTest#testMainActivityUserInterface
Executing epfl.sweng.test.homework3.UserCredentialsTest#testAppAuthenticatedIfSessionIDExists...
PASSED: epfl.sweng.test.homework3.UserCredentialsTest#testAppAuthenticatedIfSessionIDExists
Executing epfl.sweng.test.homework3.UserCredentialsTest#testAuthenticationFailsSessionIDDoesNotExist...
PASSED: epfl.sweng.test.homework3.UserCredentialsTest#testAuthenticationFailsSessionIDDoesNotExist
Executing epfl.sweng.test.homework3.UserCredentialsTest#testAuthenticationSucceedsSessionIDExists...
PASSED: epfl.sweng.test.homework3.UserCredentialsTest#testAuthenticationSucceedsSessionIDExists
Executing epfl.sweng.test.homework3.UserCredentialsTest#testLogoutSessionIDDoesNotExist...
PASSED: epfl.sweng.test.homework3.UserCredentialsTest#testLogoutSessionIDDoesNotExist
Total: 23 / 28 tests passed
Testing took 570 seconds
If you feel that there is an error in the testing process,
please write a private note on Piazza, titled
homework3 test results: Eagles
